<?xml version="1.0" encoding="UTF-8"?>
<!-- Generated by org.testng.reporters.JUnitXMLReporter -->
<testsuite hostname="Nividous" name="Advisor_Loan_Officer_Login" tests="3" failures="0" timestamp="9 Jan 2018 06:46:11 GMT" time="0.279" errors="0">
  <testcase name="executeTest" time="0.078" classname="com.nividous.util.GenericTest">
    <skipped/>
  </testcase> <!-- executeTest -->
  <testcase name="executeTest" time="0.064" classname="com.nividous.util.GenericTest">
    <skipped/>
  </testcase> <!-- executeTest -->
  <testcase name="executeTest" time="0.06" classname="com.nividous.util.GenericTest">
    <skipped/>
  </testcase> <!-- executeTest -->
</testsuite> <!-- Advisor_Loan_Officer_Login -->
