<?xml version="1.0" encoding="UTF-8"?>
<!-- Generated by org.testng.reporters.JUnitXMLReporter -->
<testsuite hostname="Nividous" name="Loan_App_Data_Entry_Employer_Info" tests="3" failures="0" timestamp="9 Jan 2018 06:46:10 GMT" time="0.533" errors="0">
  <testcase name="executeTest" time="0.121" classname="com.nividous.util.GenericTest">
    <skipped/>
  </testcase> <!-- executeTest -->
  <testcase name="executeTest" time="0.105" classname="com.nividous.util.GenericTest">
    <skipped/>
  </testcase> <!-- executeTest -->
  <testcase name="executeTest" time="0.196" classname="com.nividous.util.GenericTest">
    <skipped/>
  </testcase> <!-- executeTest -->
</testsuite> <!-- Loan_App_Data_Entry_Employer_Info -->
