<?xml version="1.0" encoding="UTF-8"?>
<!-- Generated by org.testng.reporters.JUnitXMLReporter -->
<testsuite hostname="Nividous" name="Open_New_Account" tests="1" failures="1" timestamp="9 Jan 2018 06:46:08 GMT" time="16.735" errors="0">
  <testcase name="executeTest" time="16.612" classname="com.nividous.util.GenericTest">
    <failure type="java.lang.NullPointerException">
      <![CDATA[java.lang.NullPointerException
	at com.nividous.common.NividousTest.reportGenerator(NividousTest.java:1010)
	at com.nividous.common.NividousTest.executeKeywordsFromLoadedWorkBook(NividousTest.java:216)
	at com.nividous.util.GenericTest.executeTest(GenericTest.java:107)
... Removed 24 stack frames]]>
    </failure>
  </testcase> <!-- executeTest -->
</testsuite> <!-- Open_New_Account -->
