<?xml version="1.0" encoding="UTF-8"?>
<!-- Generated by org.testng.reporters.JUnitXMLReporter -->
<testsuite hostname="Nividous" name="Underwriter_Complete_Task" tests="3" failures="0" timestamp="9 Jan 2018 06:46:11 GMT" time="0.309" errors="0">
  <testcase name="executeTest" time="0.063" classname="com.nividous.util.GenericTest">
    <skipped/>
  </testcase> <!-- executeTest -->
  <testcase name="executeTest" time="0.066" classname="com.nividous.util.GenericTest">
    <skipped/>
  </testcase> <!-- executeTest -->
  <testcase name="executeTest" time="0.059" classname="com.nividous.util.GenericTest">
    <skipped/>
  </testcase> <!-- executeTest -->
</testsuite> <!-- Underwriter_Complete_Task -->
